<?xml version="1.0" encoding="UTF-8"?>
<testng-results ignored="0" total="1" passed="1" failed="0" skipped="0">
  <reporter-output>
  </reporter-output>
  <suite started-at="2024-09-03T12:27:19 IST" name="Default suite" finished-at="2024-09-03T12:27:29 IST" duration-ms="10160">
    <groups>
    </groups>
    <test started-at="2024-09-03T12:27:19 IST" name="Default test" finished-at="2024-09-03T12:27:29 IST" duration-ms="10160">
      <class name="testClasses.FiltersTest">
        <test-method is-config="true" signature="setup()[pri:0, instance:testClasses.FiltersTest@2aceadd4]" started-at="2024-09-03T12:27:19 IST" name="setup" finished-at="2024-09-03T12:27:22 IST" duration-ms="3298" status="PASS">
          <reporter-output>
          </reporter-output>
        </test-method> <!-- setup -->
        <test-method signature="projectStatus()[pri:0, instance:testClasses.FiltersTest@2aceadd4]" started-at="2024-09-03T12:27:22 IST" name="projectStatus" finished-at="2024-09-03T12:27:29 IST" duration-ms="6806" status="PASS">
          <reporter-output>
          </reporter-output>
        </test-method> <!-- projectStatus -->
      </class> <!-- testClasses.FiltersTest -->
    </test> <!-- Default test -->
  </suite> <!-- Default suite -->
</testng-results>
