<?xml version="1.0" encoding="UTF-8"?>
<testng-results ignored="0" total="1" passed="1" failed="0" skipped="0">
  <reporter-output>
  </reporter-output>
  <suite started-at="2024-08-29T09:03:51 IST" name="Default suite" finished-at="2024-08-29T09:04:17 IST" duration-ms="26601">
    <groups>
    </groups>
    <test started-at="2024-08-29T09:03:51 IST" name="Default test" finished-at="2024-08-29T09:04:17 IST" duration-ms="26601">
      <class name="testClasses.CompareProjectsTest">
        <test-method is-config="true" signature="steup()[pri:0, instance:testClasses.CompareProjectsTest@2aceadd4]" started-at="2024-08-29T09:03:51 IST" name="steup" finished-at="2024-08-29T09:03:54 IST" duration-ms="3275" status="PASS">
          <reporter-output>
          </reporter-output>
        </test-method> <!-- steup -->
        <test-method signature="compareProjects()[pri:0, instance:testClasses.CompareProjectsTest@2aceadd4]" started-at="2024-08-29T09:03:54 IST" name="compareProjects" finished-at="2024-08-29T09:04:17 IST" duration-ms="23282" status="PASS">
          <reporter-output>
          </reporter-output>
        </test-method> <!-- compareProjects -->
      </class> <!-- testClasses.CompareProjectsTest -->
    </test> <!-- Default test -->
  </suite> <!-- Default suite -->
</testng-results>
